 .   ____          _            __ _ _
 /\\ / ___'_ __ _ _(_)_ __  __ _ \ \ \ \
( ( )\___ | '_ | '_| | '_ \/ _` | \ \ \ \
 \\/  ___)| |_)| | | | | || (_| |  ) ) ) )
  '  |____| .__|_| |_|_| |_\__, | / / / /
 =========|_|==============|___/=/_/_/_/

 :: Spring Boot ::                (v3.4.3)

2025-03-06T14:15:44.561+05:45  INFO 25180 --- [demo] [  restartedMain] com.example.demo.DemoApplication         : Starting DemoApplication using Java 17.0.11 with PID 25180 (D:\Projects\R&D\hello-abcd\demo (1)\demo\target\classes started by E01054 in D:\Projects\R&D\hello-abcd\demo (1)\demo)
2025-03-06T14:15:44.564+05:45 DEBUG 25180 --- [demo] [  restartedMain] com.example.demo.DemoApplication         : Running with Spring Boot v3.4.3, Spring v6.2.3
2025-03-06T14:15:44.565+05:45  INFO 25180 --- [demo] [  restartedMain] com.example.demo.DemoApplication         : No active profile set, falling back to 1 default profile: "default"
2025-03-06T14:15:44.610+05:45  INFO 25180 --- [demo] [  restartedMain] .e.DevToolsPropertyDefaultsPostProcessor : Devtools property defaults active! Set 'spring.devtools.add-properties' to 'false' to disable
2025-03-06T14:15:44.610+05:45  INFO 25180 --- [demo] [  restartedMain] .e.DevToolsPropertyDefaultsPostProcessor : For additional web related logging consider setting the 'logging.level.web' property to 'DEBUG'
2025-03-06T14:15:45.799+05:45  INFO 25180 --- [demo] [  restartedMain] o.s.cloud.context.scope.GenericScope     : BeanFactory id=0780622c-48f7-3c09-ac55-80d9ae8d0216
2025-03-06T14:15:45.896+05:45  WARN 25180 --- [demo] [  restartedMain] trationDelegate$BeanPostProcessorChecker : Bean 'helloWorldTracer' of type [com.example.demo.advice.HelloWorldTracer$$SpringCGLIB$$0] is not eligible for getting processed by all BeanPostProcessors (for example: not eligible for auto-proxying). Is this bean getting eagerly injected/applied to a currently created BeanPostProcessor [healthEndpointGroupsBeanPostProcessor]? Check the corresponding BeanPostProcessor declaration and its dependencies/advisors. If this bean does not have to be post-processed, declare it with ROLE_INFRASTRUCTURE.
2025-03-06T14:15:46.018+05:45  WARN 25180 --- [demo] [  restartedMain] trationDelegate$BeanPostProcessorChecker : Bean 'traceInterceptor' of type [org.springframework.aop.interceptor.CustomizableTraceInterceptor] is not eligible for getting processed by all BeanPostProcessors (for example: not eligible for auto-proxying). Is this bean getting eagerly injected/applied to a currently created BeanPostProcessor [healthEndpointGroupsBeanPostProcessor]? Check the corresponding BeanPostProcessor declaration and its dependencies/advisors. If this bean does not have to be post-processed, declare it with ROLE_INFRASTRUCTURE.
2025-03-06T14:15:46.020+05:45  WARN 25180 --- [demo] [  restartedMain] trationDelegate$BeanPostProcessorChecker : Bean 'myAdvisor' of type [org.springframework.aop.support.DefaultPointcutAdvisor] is not eligible for getting processed by all BeanPostProcessors (for example: not eligible for auto-proxying). Is this bean getting eagerly injected/applied to a currently created BeanPostProcessor [healthEndpointGroupsBeanPostProcessor]? Check the corresponding BeanPostProcessor declaration and its dependencies/advisors. If this bean does not have to be post-processed, declare it with ROLE_INFRASTRUCTURE.
2025-03-06T14:15:46.405+05:45  INFO 25180 --- [demo] [  restartedMain] o.s.b.w.embedded.tomcat.TomcatWebServer  : Tomcat initialized with port 8080 (http)
2025-03-06T14:15:46.416+05:45  INFO 25180 --- [demo] [  restartedMain] o.apache.catalina.core.StandardService   : Starting service [Tomcat]
2025-03-06T14:15:46.416+05:45  INFO 25180 --- [demo] [  restartedMain] o.apache.catalina.core.StandardEngine    : Starting Servlet engine: [Apache Tomcat/10.1.36]
2025-03-06T14:15:46.530+05:45  INFO 25180 --- [demo] [  restartedMain] o.a.c.c.C.[Tomcat].[localhost].[/]       : Initializing Spring embedded WebApplicationContext
2025-03-06T14:15:46.530+05:45  INFO 25180 --- [demo] [  restartedMain] w.s.c.ServletWebServerApplicationContext : Root WebApplicationContext: initialization completed in 1919 ms
2025-03-06T14:15:46.757+05:45 DEBUG 25180 --- [demo] [  restartedMain] c.e.demo.example.RequestTrackerFilter    : Filter 'requestTrackerFilter' configured for use
2025-03-06T14:15:47.846+05:45  INFO 25180 --- [demo] [  restartedMain] o.s.b.d.a.OptionalLiveReloadServer       : LiveReload server is running on port 35729
2025-03-06T14:15:47.855+05:45  INFO 25180 --- [demo] [  restartedMain] o.s.b.a.e.web.EndpointLinksResolver      : Exposing 1 endpoint beneath base path '/actuator'
2025-03-06T14:15:47.928+05:45  INFO 25180 --- [demo] [  restartedMain] o.s.b.w.embedded.tomcat.TomcatWebServer  : Tomcat started on port 8080 (http) with context path '/'
2025-03-06T14:15:47.946+05:45  INFO 25180 --- [demo] [  restartedMain] com.example.demo.DemoApplication         : Started DemoApplication in 3.873 seconds (process running for 5.458)
2025-03-06T14:15:48.677+05:45  INFO 25180 --- [demo] [192.168.150.118] o.a.c.c.C.[Tomcat].[localhost].[/]       : Initializing Spring DispatcherServlet 'dispatcherServlet'
2025-03-06T14:15:48.677+05:45  INFO 25180 --- [demo] [192.168.150.118] o.s.web.servlet.DispatcherServlet        : Initializing Servlet 'dispatcherServlet'
2025-03-06T14:15:48.678+05:45  INFO 25180 --- [demo] [192.168.150.118] o.s.web.servlet.DispatcherServlet        : Completed initialization in 1 ms
2025-03-06T14:15:51.904+05:45  INFO 25180 --- [demo] [nio-8080-exec-1] com.example.demo.example.HelloWorld      : Lets collect few information from main thread
2025-03-06T14:15:51.912+05:45  INFO 25180 --- [demo] [atcher-worker-1] com.example.demo.example.HelloWorld      :  reqAttribute  org.apache.catalina.connector.RequestFacade@58a8dc8
2025-03-06T14:15:51.912+05:45  INFO 25180 --- [demo] [atcher-worker-1] com.example.demo.example.HelloWorld      : Thanks... https://www.youtube.com/watch?v=hQrFfwT1IMo&t=1514s
https://docs.spring.io/spring-framework/reference/languages/kotlin/coroutines.html
2025-03-06T14:15:51.915+05:45 TRACE 25180 --- [demo] [atcher-worker-1] com.example.demo.TraceService            : Entering externalUrlGet
2025-03-06T14:15:51.917+05:45 TRACE 25180 --- [demo] [atcher-worker-1] c.e.demo.example.ExampleRestClient       : getting from external url with that replies randomly delayed 753ms
2025-03-06T14:15:51.918+05:45 TRACE 25180 --- [demo] [nio-8080-exec-1] c.e.demo.example.RequestTrackerFilter    :  **** Logging Above The Cloud *****************
2025-03-06T14:15:55.532+05:45 TRACE 25180 --- [demo] [atcher-worker-1] com.example.demo.TraceService            : Exiting externalUrlGet  <200 OK OK,200 OK RANDOM DELAY WAS 753,[]>
2025-03-06T14:16:04.889+05:45 TRACE 25180 --- [demo] [nio-8080-exec-4] c.e.demo.example.RequestTrackerFilter    :  **** Logging Above The Cloud *****************
